{"time":"2025-11-14T02:06:34.383Z","method":"GET","endpoint":"/user/get-role","user":"Guest","ip":"::1","status":401,"duration":"14ms"}
{"time":"2025-11-14T02:06:35.152Z","method":"POST","endpoint":"/auth/refreshToken","user":"Guest","ip":"::1","status":403,"duration":"733ms"}
{"time":"2025-11-14T02:06:35.265Z","method":"GET","endpoint":"/user/get-role","user":"Guest","ip":"::1","status":401,"duration":"2ms"}
{"time":"2025-11-14T02:06:36.103Z","method":"GET","endpoint":"/api/announcements","user":"Guest","ip":"::1","status":200,"duration":"61ms"}
{"time":"2025-11-14T02:06:46.723Z","method":"POST","endpoint":"/auth/login","user":"Guest","ip":"::1","status":200,"duration":"789ms"}
{"time":"2025-11-14T02:06:46.928Z","method":"GET","endpoint":"/user/get-role","user":"67bd483ebae8ef9271221c18","ip":"::1","status":200,"duration":"200ms"}
{"time":"2025-11-14T02:06:47.794Z","method":"GET","endpoint":"/user/get-role","user":"67bd483ebae8ef9271221c18","ip":"::1","status":304,"duration":"335ms"}
{"time":"2025-11-14T02:06:48.622Z","method":"GET","endpoint":"/admin/get/order-count/11/2025","user":"67bd483ebae8ef9271221c18","ip":"::1","status":200,"duration":"676ms"}
{"time":"2025-11-14T02:06:48.781Z","method":"GET","endpoint":"/user/get-user","user":"67bd483ebae8ef9271221c18","ip":"::1","status":200,"duration":"975ms"}
{"time":"2025-11-14T02:06:48.960Z","method":"GET","endpoint":"/uploads/2024/11/8-9-50-58-blob.jpg","user":"Guest","ip":"::1","status":404,"duration":"3ms"}
{"time":"2025-11-14T02:06:49.665Z","method":"GET","endpoint":"/admin/get/revenue-commission/11/2025","user":"67bd483ebae8ef9271221c18","ip":"::1","status":200,"duration":"1719ms"}
{"time":"2025-11-14T02:06:50.258Z","method":"GET","endpoint":"/user/get-notification","user":"67bd483ebae8ef9271221c18","ip":"::1","status":200,"duration":"1301ms"}
{"time":"2025-11-14T02:06:50.900Z","method":"GET","endpoint":"/admin/get/users","user":"67bd483ebae8ef9271221c18","ip":"::1","status":200,"duration":"413ms"}
{"time":"2025-11-14T02:06:55.033Z","method":"GET","endpoint":"/admin/get/annual-revenue/2025","user":"67bd483ebae8ef9271221c18","ip":"::1","status":200,"duration":"7086ms"}
{"time":"2025-11-14T02:07:03.585Z","method":"GET","endpoint":"/admin/unban-user/68dd4af2d3894fe4a40ae291","user":"67bd483ebae8ef9271221c18","ip":"::1","status":200,"duration":"543ms"}
{"time":"2025-11-14T02:07:04.076Z","method":"GET","endpoint":"/admin/get/users","user":"67bd483ebae8ef9271221c18","ip":"::1","status":200,"duration":"476ms"}
{"time":"2025-11-14T02:07:21.233Z","method":"GET","endpoint":"/admin/ban-user/68dd4af2d3894fe4a40ae291","user":"67bd483ebae8ef9271221c18","ip":"::1","status":200,"duration":"600ms"}
{"time":"2025-11-14T02:07:21.803Z","method":"GET","endpoint":"/admin/get/users","user":"67bd483ebae8ef9271221c18","ip":"::1","status":200,"duration":"555ms"}
{"time":"2025-11-14T02:09:15.858Z","method":"POST","endpoint":"/admin/unban-user/68dd4af2d3894fe4a40ae291","user":"67bd483ebae8ef9271221c18","ip":"::1","status":403,"duration":"865ms"}
{"time":"2025-11-14T02:09:16.768Z","method":"GET","endpoint":"/api/announcements","user":"Guest","ip":"::1","status":304,"duration":"60ms"}
{"time":"2025-11-14T02:09:30.541Z","method":"POST","endpoint":"/auth/login","user":"Guest","ip":"::1","status":200,"duration":"622ms"}
{"time":"2025-11-14T02:09:30.777Z","method":"GET","endpoint":"/user/get-role","user":"67bd483ebae8ef9271221c18","ip":"::1","status":304,"duration":"231ms"}
{"time":"2025-11-14T02:09:31.450Z","method":"GET","endpoint":"/user/get-role","user":"67bd483ebae8ef9271221c18","ip":"::1","status":304,"duration":"383ms"}
{"time":"2025-11-14T02:09:32.266Z","method":"GET","endpoint":"/admin/get/order-count/11/2025","user":"67bd483ebae8ef9271221c18","ip":"::1","status":304,"duration":"681ms"}
{"time":"2025-11-14T02:09:32.452Z","method":"GET","endpoint":"/user/get-user","user":"67bd483ebae8ef9271221c18","ip":"::1","status":304,"duration":"991ms"}
{"time":"2025-11-14T02:09:32.571Z","method":"GET","endpoint":"/uploads/2024/11/8-9-50-58-blob.jpg","user":"Guest","ip":"::1","status":404,"duration":"2ms"}
{"time":"2025-11-14T02:09:32.746Z","method":"GET","endpoint":"/admin/get/revenue-commission/11/2025","user":"67bd483ebae8ef9271221c18","ip":"::1","status":304,"duration":"1160ms"}
{"time":"2025-11-14T02:09:33.477Z","method":"GET","endpoint":"/user/get-notification","user":"67bd483ebae8ef9271221c18","ip":"::1","status":304,"duration":"927ms"}
{"time":"2025-11-14T02:09:34.659Z","method":"GET","endpoint":"/admin/get/users","user":"67bd483ebae8ef9271221c18","ip":"::1","status":200,"duration":"471ms"}
{"time":"2025-11-14T02:09:39.181Z","method":"POST","endpoint":"/admin/unban-user/68dd4af2d3894fe4a40ae291","user":"67bd483ebae8ef9271221c18","ip":"::1","status":403,"duration":"238ms"}
{"time":"2025-11-14T02:09:39.889Z","method":"GET","endpoint":"/admin/get/annual-revenue/2025","user":"67bd483ebae8ef9271221c18","ip":"::1","status":304,"duration":"8300ms"}
{"time":"2025-11-14T02:09:39.948Z","method":"GET","endpoint":"/api/announcements","user":"Guest","ip":"::1","status":304,"duration":"57ms"}
{"time":"2025-11-14T02:10:29.549Z","method":"POST","endpoint":"/auth/login","user":"Guest","ip":"::1","status":200,"duration":"661ms"}
{"time":"2025-11-14T02:10:29.739Z","method":"GET","endpoint":"/user/get-role","user":"67bd483ebae8ef9271221c18","ip":"::1","status":304,"duration":"183ms"}
{"time":"2025-11-14T02:10:31.473Z","method":"GET","endpoint":"/user/get-role","user":"67bd483ebae8ef9271221c18","ip":"::1","status":304,"duration":"257ms"}
{"time":"2025-11-14T02:10:31.987Z","method":"GET","endpoint":"/user/get-user","user":"67bd483ebae8ef9271221c18","ip":"::1","status":304,"duration":"453ms"}
{"time":"2025-11-14T02:10:32.055Z","method":"GET","endpoint":"/uploads/2024/11/8-9-50-58-blob.jpg","user":"Guest","ip":"::1","status":404,"duration":"2ms"}
{"time":"2025-11-14T02:10:32.142Z","method":"GET","endpoint":"/admin/get/order-count/11/2025","user":"67bd483ebae8ef9271221c18","ip":"::1","status":304,"duration":"483ms"}
{"time":"2025-11-14T02:10:32.870Z","method":"GET","endpoint":"/admin/get/revenue-commission/11/2025","user":"67bd483ebae8ef9271221c18","ip":"::1","status":304,"duration":"1211ms"}
{"time":"2025-11-14T02:10:33.504Z","method":"GET","endpoint":"/admin/get/users","user":"67bd483ebae8ef9271221c18","ip":"::1","status":200,"duration":"539ms"}
{"time":"2025-11-14T02:10:33.642Z","method":"GET","endpoint":"/user/get-notification","user":"67bd483ebae8ef9271221c18","ip":"::1","status":304,"duration":"1608ms"}
{"time":"2025-11-14T02:10:39.477Z","method":"GET","endpoint":"/admin/get/annual-revenue/2025","user":"67bd483ebae8ef9271221c18","ip":"::1","status":200,"duration":"7818ms"}
{"time":"2025-11-14T02:10:43.389Z","method":"POST","endpoint":"/admin/unban-user/68dd4af2d3894fe4a40ae291","user":"67bd483ebae8ef9271221c18","ip":"::1","status":403,"duration":"270ms"}
{"time":"2025-11-14T02:10:44.580Z","method":"GET","endpoint":"/api/announcements","user":"Guest","ip":"::1","status":304,"duration":"57ms"}
{"time":"2025-11-14T02:12:15.667Z","method":"POST","endpoint":"/auth/login","user":"Guest","ip":"::1","status":200,"duration":"1324ms"}
{"time":"2025-11-14T02:12:15.970Z","method":"GET","endpoint":"/user/get-role","user":"67bd483ebae8ef9271221c18","ip":"::1","status":304,"duration":"298ms"}
{"time":"2025-11-14T02:12:16.823Z","method":"GET","endpoint":"/user/get-role","user":"67bd483ebae8ef9271221c18","ip":"::1","status":304,"duration":"201ms"}
{"time":"2025-11-14T02:12:17.306Z","method":"GET","endpoint":"/user/get-user","user":"67bd483ebae8ef9271221c18","ip":"::1","status":304,"duration":"467ms"}
{"time":"2025-11-14T02:12:17.370Z","method":"GET","endpoint":"/uploads/2024/11/8-9-50-58-blob.jpg","user":"Guest","ip":"::1","status":404,"duration":"3ms"}
{"time":"2025-11-14T02:12:17.609Z","method":"GET","endpoint":"/admin/get/order-count/11/2025","user":"67bd483ebae8ef9271221c18","ip":"::1","status":304,"duration":"657ms"}
{"time":"2025-11-14T02:12:18.419Z","method":"GET","endpoint":"/user/get-notification","user":"67bd483ebae8ef9271221c18","ip":"::1","status":304,"duration":"1073ms"}
{"time":"2025-11-14T02:12:18.940Z","method":"GET","endpoint":"/admin/get/revenue-commission/11/2025","user":"67bd483ebae8ef9271221c18","ip":"::1","status":304,"duration":"1987ms"}
{"time":"2025-11-14T02:12:19.164Z","method":"GET","endpoint":"/admin/get/users","user":"67bd483ebae8ef9271221c18","ip":"::1","status":200,"duration":"556ms"}
{"time":"2025-11-14T02:12:24.730Z","method":"GET","endpoint":"/admin/get/annual-revenue/2025","user":"67bd483ebae8ef9271221c18","ip":"::1","status":304,"duration":"7777ms"}
{"time":"2025-11-14T02:12:27.013Z","method":"POST","endpoint":"/admin/unban-user/68dd4af2d3894fe4a40ae291","user":"67bd483ebae8ef9271221c18","ip":"::1","status":200,"duration":"543ms"}
{"time":"2025-11-14T02:12:27.486Z","method":"GET","endpoint":"/admin/get/users","user":"67bd483ebae8ef9271221c18","ip":"::1","status":200,"duration":"467ms"}
{"time":"2025-11-14T02:15:15.243Z","method":"GET","endpoint":"/api/categories","user":"Guest","ip":"::1","status":200,"duration":"698ms"}
{"time":"2025-11-14T02:15:15.643Z","method":"GET","endpoint":"/favicon.ico","user":"Guest","ip":"::1","status":404,"duration":"4ms"}
{"time":"2025-11-14T02:16:15.185Z","method":"GET","endpoint":"/admin/ban-user/68dd4af2d3894fe4a40ae291","user":"Guest","ip":"::1","status":401,"duration":"5ms"}
{"time":"2025-11-14T02:16:22.912Z","method":"GET","endpoint":"/admin/ban-user/68dd4af2d3894fe4a40ae291","user":"Guest","ip":"::1","status":401,"duration":"2ms"}
{"time":"2025-11-14T02:21:43.657Z","method":"POST","endpoint":"/admin/ban-user/68dd4af2d3894fe4a40ae291","user":"67bd483ebae8ef9271221c18","ip":"::1","status":500,"duration":"884ms"}
{"time":"2025-11-14T02:23:30.828Z","method":"POST","endpoint":"/admin/ban-user/68dd4af2d3894fe4a40ae291","user":"67bd483ebae8ef9271221c18","ip":"::1","status":200,"duration":"1085ms"}
{"time":"2025-11-14T02:23:31.245Z","method":"GET","endpoint":"/admin/get/users","user":"67bd483ebae8ef9271221c18","ip":"::1","status":200,"duration":"405ms"}
{"time":"2025-11-14T04:02:55.292Z","method":"GET","endpoint":"/user/get-role","user":"67bd483ebae8ef9271221c18","ip":"::1","status":304,"duration":"1109ms"}
{"time":"2025-11-14T04:02:55.774Z","method":"GET","endpoint":"/user/get-user","user":"67bd483ebae8ef9271221c18","ip":"::1","status":304,"duration":"476ms"}
{"time":"2025-11-14T04:02:55.841Z","method":"GET","endpoint":"/uploads/2024/11/8-9-50-58-blob.jpg","user":"Guest","ip":"::1","status":404,"duration":"6ms"}
{"time":"2025-11-14T04:02:57.151Z","method":"GET","endpoint":"/admin/get/users","user":"67bd483ebae8ef9271221c18","ip":"::1","status":200,"duration":"1795ms"}
{"time":"2025-11-14T04:02:58.800Z","method":"GET","endpoint":"/user/get-notification","user":"67bd483ebae8ef9271221c18","ip":"::1","status":304,"duration":"2987ms"}
{"time":"2025-11-14T04:03:11.360Z","method":"POST","endpoint":"/admin/unban-user/68dd4af2d3894fe4a40ae291","user":"67bd483ebae8ef9271221c18","ip":"::1","status":200,"duration":"733ms"}
{"time":"2025-11-14T04:03:12.152Z","method":"GET","endpoint":"/admin/get/users","user":"67bd483ebae8ef9271221c18","ip":"::1","status":200,"duration":"779ms"}
{"time":"2025-11-14T04:03:30.506Z","method":"GET","endpoint":"/admin/get/categories","user":"67bd483ebae8ef9271221c18","ip":"::1","status":200,"duration":"444ms"}
{"time":"2025-11-14T04:03:31.428Z","method":"GET","endpoint":"/api/categories","user":"Guest","ip":"::1","status":304,"duration":"59ms"}
{"time":"2025-11-14T04:03:31.501Z","method":"GET","endpoint":"/api/all-size","user":"Guest","ip":"::1","status":200,"duration":"68ms"}
{"time":"2025-11-14T04:03:31.567Z","method":"GET","endpoint":"/api/all-style","user":"Guest","ip":"::1","status":200,"duration":"61ms"}
{"time":"2025-11-14T04:03:31.569Z","method":"GET","endpoint":"/admin/get/products/20/1","user":"Guest","ip":"::1","status":200,"duration":"201ms"}
{"time":"2025-11-14T04:03:31.634Z","method":"GET","endpoint":"/api/all-color","user":"Guest","ip":"::1","status":200,"duration":"62ms"}
{"time":"2025-11-14T04:03:31.661Z","method":"GET","endpoint":"/uploads/2025/5/22-15-22-20-image_1747902139969_sgh6781ht.jpg","user":"Guest","ip":"::1","status":200,"duration":"6ms"}
{"time":"2025-11-14T04:03:31.667Z","method":"GET","endpoint":"/uploads/2025/3/17-16-48-28-image_1742204907794_uai8irsi3.jpg","user":"Guest","ip":"::1","status":200,"duration":"16ms"}
{"time":"2025-11-14T04:03:31.669Z","method":"GET","endpoint":"/uploads/2025/3/24-16-18-59-image_1742807939006_1gjuzap9z.jpg","user":"Guest","ip":"::1","status":200,"duration":"14ms"}
{"time":"2025-11-14T04:03:31.669Z","method":"GET","endpoint":"/uploads/2025/3/24-16-30-4-image_1742808604676_yauoqhr9q.jpg","user":"Guest","ip":"::1","status":200,"duration":"14ms"}
{"time":"2025-11-14T04:03:31.724Z","method":"GET","endpoint":"/api/all-type","user":"Guest","ip":"::1","status":200,"duration":"64ms"}
{"time":"2025-11-14T04:03:33.974Z","method":"GET","endpoint":"/admin/get/ctvNameList","user":"67bd483ebae8ef9271221c18","ip":"::1","status":200,"duration":"411ms"}
{"time":"2025-11-14T04:03:34.120Z","method":"POST","endpoint":"/admin/get-orders/30/1","user":"67bd483ebae8ef9271221c18","ip":"::1","status":200,"duration":"559ms"}
{"time":"2025-11-14T04:03:34.505Z","method":"POST","endpoint":"/admin/post/orderDetail-by-order","user":"67bd483ebae8ef9271221c18","ip":"::1","status":200,"duration":"348ms"}
{"time":"2025-11-14T04:03:37.062Z","method":"GET","endpoint":"/admin/get/ctvNameList","user":"67bd483ebae8ef9271221c18","ip":"::1","status":304,"duration":"407ms"}
{"time":"2025-11-14T04:03:37.139Z","method":"POST","endpoint":"/admin/get-return-orders/30/1","user":"67bd483ebae8ef9271221c18","ip":"::1","status":200,"duration":"482ms"}
{"time":"2025-11-14T04:03:37.446Z","method":"POST","endpoint":"/admin/post/orderDetail-by-order","user":"67bd483ebae8ef9271221c18","ip":"::1","status":200,"duration":"303ms"}
{"time":"2025-11-14T04:03:40.423Z","method":"GET","endpoint":"/admin/get/ctvNameList","user":"67bd483ebae8ef9271221c18","ip":"::1","status":304,"duration":"428ms"}
{"time":"2025-11-14T04:03:40.504Z","method":"POST","endpoint":"/admin/get-orders-by-month/11/2025/30/1","user":"67bd483ebae8ef9271221c18","ip":"::1","status":200,"duration":"511ms"}
{"time":"2025-11-14T04:03:40.834Z","method":"POST","endpoint":"/admin/post/orderDetail-by-order","user":"67bd483ebae8ef9271221c18","ip":"::1","status":200,"duration":"321ms"}
{"time":"2025-11-14T04:03:41.223Z","method":"GET","endpoint":"/admin/get/revenue-commission/11/2025","user":"67bd483ebae8ef9271221c18","ip":"::1","status":304,"duration":"1228ms"}
{"time":"2025-11-14T04:03:41.982Z","method":"GET","endpoint":"/admin/get/commission-by-month-year/11/2025","user":"67bd483ebae8ef9271221c18","ip":"::1","status":200,"duration":"241ms"}
{"time":"2025-11-14T04:03:42.678Z","method":"GET","endpoint":"/api/announcements","user":"Guest","ip":"::1","status":304,"duration":"59ms"}
{"time":"2025-11-14T04:03:43.348Z","method":"GET","endpoint":"/api/banners","user":"Guest","ip":"::1","status":200,"duration":"59ms"}
{"time":"2025-11-14T04:03:43.376Z","method":"GET","endpoint":"/uploads/2025/6/1-15-42-58-image_1748792578537_elkxg8ut2.jpg","user":"Guest","ip":"::1","status":200,"duration":"4ms"}
{"time":"2025-11-14T04:03:45.469Z","method":"GET","endpoint":"/admin/get/users","user":"67bd483ebae8ef9271221c18","ip":"::1","status":304,"duration":"441ms"}
{"time":"2025-11-14T04:03:46.425Z","method":"GET","endpoint":"/admin/get/categories","user":"67bd483ebae8ef9271221c18","ip":"::1","status":304,"duration":"237ms"}
{"time":"2025-11-14T05:11:35.559Z","method":"GET","endpoint":"/api/categories","user":"Guest","ip":"::1","status":304,"duration":"721ms"}
{"time":"2025-11-14T05:11:35.949Z","method":"GET","endpoint":"/favicon.ico","user":"Guest","ip":"::1","status":404,"duration":"5ms"}
